<?xml version="1.0" encoding="UTF-8"?>
<!-- Generated by org.testng.reporters.JUnitReportReporter -->
<testsuite hostname="LAPTOP-NULB6AOA" failures="0" tests="1" name="Academy.ValidateNavigationBarTest" time="0.209" errors="0" timestamp="2021-02-24T12:24:32 MST" skipped="0">
  <testcase classname="Academy.ValidateNavigationBarTest" name="ValidateNavigationBarTest" time="0.209"/>
  <system-out/>
</testsuite> <!-- Academy.ValidateNavigationBarTest -->
