<?xml version="1.0" encoding="UTF-8"?>
<!-- Generated by org.testng.reporters.JUnitReportReporter -->
<testsuite hostname="LAPTOP-NULB6AOA" failures="0" tests="2" name="Academy.HomepageTest" time="11.766" errors="0" timestamp="2021-02-24T12:24:32 MST" skipped="0">
  <testcase classname="Academy.HomepageTest" name="testSignIn" time="4.131"/>
  <system-out/>
  <testcase classname="Academy.HomepageTest" name="testSignIn" time="7.635"/>
  <system-out/>
</testsuite> <!-- Academy.HomepageTest -->
