<?xml version="1.0" encoding="UTF-8"?>
<!-- Generated by org.testng.reporters.JUnitReportReporter -->
<testsuite skipped="0" hostname="LAPTOP-NULB6AOA" name="Academy.ValidateNavigationBarTest" tests="1" failures="0" timestamp="2021-02-24T14:41:28 MST" time="0.316" errors="0">
  <testcase name="ValidateNavigationBarTest" time="0.316" classname="Academy.ValidateNavigationBarTest"/>
  <system-out/>
</testsuite> <!-- Academy.ValidateNavigationBarTest -->
