<?xml version="1.0" encoding="UTF-8"?>
<!-- Generated by org.testng.reporters.JUnitReportReporter -->
<testsuite skipped="0" hostname="LAPTOP-NULB6AOA" name="Academy.ValidatetextTest" tests="2" failures="0" timestamp="2021-02-27T22:53:14 MST" time="0.249" errors="0">
  <testcase name="testVideoText" time="0.068" classname="Academy.ValidatetextTest"/>
  <system-out/>
  <testcase name="testFeaturedCoursesText" time="0.181" classname="Academy.ValidatetextTest"/>
  <system-out/>
</testsuite> <!-- Academy.ValidatetextTest -->
