<?xml version="1.0" encoding="UTF-8"?>
<!-- Generated by org.testng.reporters.JUnitReportReporter -->
<testsuite skipped="0" hostname="LAPTOP-NULB6AOA" name="Academy.HomepageTest" tests="2" failures="0" timestamp="2021-02-27T22:53:14 MST" time="15.704" errors="0">
  <testcase name="testSignIn" time="9.638" classname="Academy.HomepageTest"/>
  <system-out/>
  <testcase name="testSignIn" time="6.066" classname="Academy.HomepageTest"/>
  <system-out/>
</testsuite> <!-- Academy.HomepageTest -->
