<?xml version="1.0" encoding="UTF-8"?>
<!-- Generated by org.testng.reporters.JUnitReportReporter -->
<testsuite skipped="0" hostname="LAPTOP-NULB6AOA" name="Academy.HomepageTest" tests="2" failures="0" timestamp="2021-02-24T14:41:28 MST" time="13.701" errors="0">
  <testcase name="testSignIn" time="8.652" classname="Academy.HomepageTest"/>
  <system-out/>
  <testcase name="testSignIn" time="5.049" classname="Academy.HomepageTest"/>
  <system-out/>
</testsuite> <!-- Academy.HomepageTest -->
