<?xml version="1.0" encoding="UTF-8"?>
<!-- Generated by org.testng.reporters.JUnitReportReporter -->
<testsuite skipped="0" hostname="LAPTOP-NULB6AOA" name="Academy.ValidatetextTest" tests="2" failures="0" timestamp="2021-02-24T14:41:28 MST" time="0.291" errors="0">
  <testcase name="testFeaturedCoursesText" time="0.163" classname="Academy.ValidatetextTest"/>
  <system-out/>
  <testcase name="testVideoText" time="0.128" classname="Academy.ValidatetextTest"/>
  <system-out/>
</testsuite> <!-- Academy.ValidatetextTest -->
